<?xml version="1.0" encoding="UTF-8"?>
<!-- Generated by org.testng.reporters.JUnitReportReporter -->
<testsuite hostname="AX15" failures="0" tests="6" name="dsAlgo_TestClasses.Home_TestClass" time="37.206" errors="0" timestamp="2025-03-13T10:22:50 EDT" skipped="0">
  <testcase classname="dsAlgo_TestClasses.Home_TestClass" name="stackClick" time="4.183"/>
  <testcase classname="dsAlgo_TestClasses.Home_TestClass" name="queueClick" time="5.705"/>
  <testcase classname="dsAlgo_TestClasses.Home_TestClass" name="linkedListClick" time="4.653"/>
  <testcase classname="dsAlgo_TestClasses.Home_TestClass" name="treeClick" time="5.686"/>
  <testcase classname="dsAlgo_TestClasses.Home_TestClass" name="arraysClick" time="4.715"/>
  <testcase classname="dsAlgo_TestClasses.Home_TestClass" name="graphClick" time="12.264"/>
</testsuite> <!-- dsAlgo_TestClasses.Home_TestClass -->
