<?xml version="1.0" encoding="UTF-8"?>
<!-- Generated by org.testng.reporters.JUnitReportReporter -->
<testsuite hostname="Shweta-PC" failures="0" tests="7" name="dsAlgo_TestClasses.Login_TestClass" time="38.618" errors="0" timestamp="2025-03-13T18:05:09 EDT" skipped="0">
  <testcase classname="dsAlgo_TestClasses.Login_TestClass" name="validLoginDataBase" time="6.071"/>
  <testcase classname="dsAlgo_TestClasses.Login_TestClass" name="validLogInData" time="5.589"/>
  <testcase classname="dsAlgo_TestClasses.Login_TestClass" name="loginLogOut" time="5.688"/>
  <testcase classname="dsAlgo_TestClasses.Login_TestClass" name="invalidLogIn" time="5.267"/>
  <testcase classname="dsAlgo_TestClasses.Login_TestClass" name="invalidLogIn" time="5.327"/>
  <testcase classname="dsAlgo_TestClasses.Login_TestClass" name="loginBlankFields" time="5.123"/>
  <testcase classname="dsAlgo_TestClasses.Login_TestClass" name="loginBlankFields" time="5.553"/>
</testsuite> <!-- dsAlgo_TestClasses.Login_TestClass -->
