<?xml version="1.0" encoding="UTF-8"?>
<!-- Generated by org.testng.reporters.JUnitReportReporter -->
<testsuite hostname="Dhivya" failures="0" tests="7" name="dsAlgo_TestClasses.Login_TestClass" time="34.525" errors="0" timestamp="2025-03-13T12:11:02 EDT" skipped="0">
  <testcase classname="dsAlgo_TestClasses.Login_TestClass" name="validLoginDataBase" time="5.061"/>
  <testcase classname="dsAlgo_TestClasses.Login_TestClass" name="validLogInData" time="6.691"/>
  <testcase classname="dsAlgo_TestClasses.Login_TestClass" name="loginLogOut" time="5.343"/>
  <testcase classname="dsAlgo_TestClasses.Login_TestClass" name="invalidLogIn" time="5.505"/>
  <testcase classname="dsAlgo_TestClasses.Login_TestClass" name="invalidLogIn" time="4.194"/>
  <testcase classname="dsAlgo_TestClasses.Login_TestClass" name="loginBlankFields" time="3.870"/>
  <testcase classname="dsAlgo_TestClasses.Login_TestClass" name="loginBlankFields" time="3.861"/>
</testsuite> <!-- dsAlgo_TestClasses.Login_TestClass -->
