<?xml version="1.0" encoding="UTF-8"?>
<!-- Generated by org.testng.reporters.JUnitReportReporter -->
<testsuite hostname="Dhivya" failures="0" tests="6" name="dsAlgo_TestClasses.Home_TestClass" time="23.485" errors="0" timestamp="2025-03-13T11:55:03 EDT" skipped="0">
  <testcase classname="dsAlgo_TestClasses.Home_TestClass" name="arraysClick" time="3.325"/>
  <testcase classname="dsAlgo_TestClasses.Home_TestClass" name="linkedListClick" time="3.299"/>
  <testcase classname="dsAlgo_TestClasses.Home_TestClass" name="stackClick" time="3.395"/>
  <testcase classname="dsAlgo_TestClasses.Home_TestClass" name="queueClick" time="3.609"/>
  <testcase classname="dsAlgo_TestClasses.Home_TestClass" name="treeClick" time="3.520"/>
  <testcase classname="dsAlgo_TestClasses.Home_TestClass" name="graphClick" time="6.337"/>
</testsuite> <!-- dsAlgo_TestClasses.Home_TestClass -->
