<?xml version="1.0" encoding="UTF-8"?>
<!-- Generated by org.testng.reporters.JUnitReportReporter -->
<testsuite hostname="AX15" failures="0" tests="1" name="dsAlgo_BaseClass.BaseClass" time="5.048" errors="0" timestamp="2025-03-11T23:42:06 EDT" skipped="0">
  <testcase classname="dsAlgo_BaseClass.BaseClass" name="validLoginDataBase" time="5.048"/>
</testsuite> <!-- dsAlgo_BaseClass.BaseClass -->
