<?xml version="1.0" encoding="UTF-8"?>
<!-- Generated by org.testng.reporters.JUnitReportReporter -->
<testsuite hostname="Shweta-PC" failures="0" tests="6" name="dsAlgo_TestClasses.Home_TestClass" time="48.483" errors="0" timestamp="2025-03-13T18:05:10 EDT" skipped="0">
  <testcase classname="dsAlgo_TestClasses.Home_TestClass" name="arraysClick" time="7.621"/>
  <testcase classname="dsAlgo_TestClasses.Home_TestClass" name="linkedListClick" time="6.228"/>
  <testcase classname="dsAlgo_TestClasses.Home_TestClass" name="stackClick" time="12.355"/>
  <testcase classname="dsAlgo_TestClasses.Home_TestClass" name="queueClick" time="6.764"/>
  <testcase classname="dsAlgo_TestClasses.Home_TestClass" name="treeClick" time="7.556"/>
  <testcase classname="dsAlgo_TestClasses.Home_TestClass" name="graphClick" time="7.959"/>
</testsuite> <!-- dsAlgo_TestClasses.Home_TestClass -->
